2025-09-27 02:19:55,773 - werkzeug - INFO - [31m[1mWARNING: This is a development server. Do not use it in a production deployment. Use a production WSGI server instead.[0m
 * Running on all addresses (0.0.0.0)
 * Running on http://127.0.0.1:5000
 * Running on http://10.2.0.2:5000
2025-09-27 02:19:55,773 - werkzeug - INFO - [31m[1mWARNING: This is a development server. Do not use it in a production deployment. Use a production WSGI server instead.[0m
 * Running on all addresses (0.0.0.0)
 * Running on http://127.0.0.1:5000
 * Running on http://10.2.0.2:5000
2025-09-27 02:19:55,773 - werkzeug - INFO - [33mPress CTRL+C to quit[0m
2025-09-27 02:19:55,773 - werkzeug - INFO - [33mPress CTRL+C to quit[0m
2025-09-27 02:19:56,447 - httpx - INFO - HTTP Request: POST https://api.telegram.org/bot7660340203:AAFSdms8_nVpHF7w6OyC0kWsNc4GJ_aIevw/sendMessage "HTTP/1.1 200 OK"
2025-09-27 02:19:57,941 - bybit_trading_bot - INFO - ØªÙ… ØªØ­Ø¯ÙŠØ« Ø§Ù„Ø£Ø²ÙˆØ§Ø¬: Spot=688, Futures=500, Inverse=28
2025-09-27 02:20:52,224 - werkzeug - INFO - [31m[1mWARNING: This is a development server. Do not use it in a production deployment. Use a production WSGI server instead.[0m
 * Running on all addresses (0.0.0.0)
 * Running on http://127.0.0.1:5000
 * Running on http://10.2.0.2:5000
2025-09-27 02:20:52,224 - werkzeug - INFO - [33mPress CTRL+C to quit[0m
2025-09-27 02:20:52,924 - httpx - INFO - HTTP Request: POST https://api.telegram.org/bot7660340203:AAFSdms8_nVpHF7w6OyC0kWsNc4GJ_aIevw/sendMessage "HTTP/1.1 200 OK"
2025-09-27 02:20:55,868 - bybit_trading_bot - INFO - ØªÙ… ØªØ­Ø¯ÙŠØ« Ø§Ù„Ø£Ø²ÙˆØ§Ø¬: Spot=688, Futures=500, Inverse=28
2025-09-27 02:20:55,869 - bybit_trading_bot - INFO - Ø¨Ø¯Ø¡ ØªØ´ØºÙŠÙ„ Ø§Ù„Ø¨ÙˆØª...
2025-09-27 02:20:56,050 - httpx - INFO - HTTP Request: POST https://api.telegram.org/bot7660340203:AAFSdms8_nVpHF7w6OyC0kWsNc4GJ_aIevw/getMe "HTTP/1.1 200 OK"
2025-09-27 02:20:56,089 - httpx - INFO - HTTP Request: POST https://api.telegram.org/bot7660340203:AAFSdms8_nVpHF7w6OyC0kWsNc4GJ_aIevw/deleteWebhook "HTTP/1.1 200 OK"
2025-09-27 02:20:56,090 - telegram.ext.Application - INFO - Application started
2025-09-27 02:20:56,223 - httpx - INFO - HTTP Request: POST https://api.telegram.org/bot7660340203:AAFSdms8_nVpHF7w6OyC0kWsNc4GJ_aIevw/getUpdates "HTTP/1.1 200 OK"
2025-09-27 02:20:56,417 - httpx - INFO - HTTP Request: POST https://api.telegram.org/bot7660340203:AAFSdms8_nVpHF7w6OyC0kWsNc4GJ_aIevw/sendMessage "HTTP/1.1 200 OK"
2025-09-27 02:20:56,567 - httpx - INFO - HTTP Request: POST https://api.telegram.org/bot7660340203:AAFSdms8_nVpHF7w6OyC0kWsNc4GJ_aIevw/sendMessage "HTTP/1.1 200 OK"
2025-09-27 02:20:56,637 - httpx - INFO - HTTP Request: POST https://api.telegram.org/bot7660340203:AAFSdms8_nVpHF7w6OyC0kWsNc4GJ_aIevw/sendMessage "HTTP/1.1 200 OK"
2025-09-27 02:20:56,695 - httpx - INFO - HTTP Request: POST https://api.telegram.org/bot7660340203:AAFSdms8_nVpHF7w6OyC0kWsNc4GJ_aIevw/sendMessage "HTTP/1.1 200 OK"
2025-09-27 02:21:06,267 - httpx - INFO - HTTP Request: POST https://api.telegram.org/bot7660340203:AAFSdms8_nVpHF7w6OyC0kWsNc4GJ_aIevw/getUpdates "HTTP/1.1 200 OK"
2025-09-27 02:21:16,301 - httpx - INFO - HTTP Request: POST https://api.telegram.org/bot7660340203:AAFSdms8_nVpHF7w6OyC0kWsNc4GJ_aIevw/getUpdates "HTTP/1.1 200 OK"
2025-09-27 02:21:26,338 - httpx - INFO - HTTP Request: POST https://api.telegram.org/bot7660340203:AAFSdms8_nVpHF7w6OyC0kWsNc4GJ_aIevw/getUpdates "HTTP/1.1 200 OK"
2025-09-27 02:21:36,368 - httpx - INFO - HTTP Request: POST https://api.telegram.org/bot7660340203:AAFSdms8_nVpHF7w6OyC0kWsNc4GJ_aIevw/getUpdates "HTTP/1.1 200 OK"
2025-09-27 02:21:46,407 - httpx - INFO - HTTP Request: POST https://api.telegram.org/bot7660340203:AAFSdms8_nVpHF7w6OyC0kWsNc4GJ_aIevw/getUpdates "HTTP/1.1 200 OK"
2025-10-18 05:15:31,467 - bybit_trading_bot - INFO - âœ… ØªÙ… ØªÙ‡ÙŠØ¦Ø© TradeToolsManager
2025-10-18 05:15:31,468 - user_manager - INFO - ØªÙ… Ø¥Ù†Ø´Ø§Ø¡ Ø­Ø³Ø§Ø¨Ø§Øª Ù„Ù„Ù…Ø³ØªØ®Ø¯Ù… 8169000394
2025-10-18 05:15:31,468 - user_manager - INFO - ØªÙ… ØªØ­Ù…ÙŠÙ„ 1 Ù…Ø³ØªØ®Ø¯Ù…
2025-10-18 05:15:31,468 - init_developers - INFO - Ø¨Ø¯Ø¡ ØªÙ‡ÙŠØ¦Ø© 1 Ù…Ø·ÙˆØ±...
2025-10-18 05:15:31,469 - init_developers - INFO - Ø¥Ù†Ø´Ø§Ø¡ Ù…Ø·ÙˆØ± Ø¬Ø¯ÙŠØ¯: Nagdat
2025-10-18 05:15:31,472 - database - INFO - ØªÙ… Ø¥Ù†Ø´Ø§Ø¡ Ù…Ø·ÙˆØ± Ø¬Ø¯ÙŠØ¯: 8169000394 - Nagdat
2025-10-18 05:15:31,473 - init_developers - INFO - âœ… ØªÙ… Ø¥Ù†Ø´Ø§Ø¡ Ø§Ù„Ù…Ø·ÙˆØ± Nagdat Ø¨Ù†Ø¬Ø§Ø­
2025-10-18 05:15:31,473 - init_developers - INFO - âœ… ØªÙ… Ø§Ù„Ø§Ù†ØªÙ‡Ø§Ø¡ Ù…Ù† ØªÙ‡ÙŠØ¦Ø© Ø§Ù„Ù…Ø·ÙˆØ±ÙŠÙ†
2025-10-18 05:15:31,473 - bybit_trading_bot - INFO - âœ… ØªÙ… ØªÙ‡ÙŠØ¦Ø© Ù†Ø¸Ø§Ù… Ø§Ù„Ù…Ø·ÙˆØ±ÙŠÙ† Ø¨Ù†Ø¬Ø§Ø­
2025-10-18 05:15:31,474 - developer_manager - INFO - ØªÙ… ØªØ­Ù…ÙŠÙ„ 2 Ù…Ø·ÙˆØ±
2025-10-18 05:15:31,475 - bybit_trading_bot - INFO - âœ… Ø§Ù„Ù…Ø·ÙˆØ± Ø§Ù„Ø±Ø¦ÙŠØ³ÙŠ Ù…ÙˆØ¬ÙˆØ¯: 8169000394
2025-10-18 05:15:48,604 - bybit_trading_bot - INFO - âœ… ØªÙ… ØªÙ‡ÙŠØ¦Ø© TradeToolsManager
2025-10-18 05:15:48,605 - user_manager - INFO - ØªÙ… Ø¥Ù†Ø´Ø§Ø¡ Ø­Ø³Ø§Ø¨Ø§Øª Ù„Ù„Ù…Ø³ØªØ®Ø¯Ù… 8169000394
2025-10-18 05:15:48,605 - user_manager - INFO - ØªÙ… ØªØ­Ù…ÙŠÙ„ 1 Ù…Ø³ØªØ®Ø¯Ù…
2025-10-18 05:15:48,605 - init_developers - INFO - Ø¨Ø¯Ø¡ ØªÙ‡ÙŠØ¦Ø© 1 Ù…Ø·ÙˆØ±...
2025-10-18 05:15:48,605 - init_developers - INFO - Ø§Ù„Ù…Ø·ÙˆØ± Nagdat Ù…ÙˆØ¬ÙˆØ¯ Ø¨Ø§Ù„ÙØ¹Ù„ØŒ ØªØ­Ø¯ÙŠØ« Ø§Ù„Ù…Ø¹Ù„ÙˆÙ…Ø§Øª...
2025-10-18 05:15:48,607 - init_developers - INFO - âœ… ØªÙ… Ø§Ù„Ø§Ù†ØªÙ‡Ø§Ø¡ Ù…Ù† ØªÙ‡ÙŠØ¦Ø© Ø§Ù„Ù…Ø·ÙˆØ±ÙŠÙ†
2025-10-18 05:15:48,607 - bybit_trading_bot - INFO - âœ… ØªÙ… ØªÙ‡ÙŠØ¦Ø© Ù†Ø¸Ø§Ù… Ø§Ù„Ù…Ø·ÙˆØ±ÙŠÙ† Ø¨Ù†Ø¬Ø§Ø­
2025-10-18 05:15:48,610 - developer_manager - INFO - ØªÙ… ØªØ­Ù…ÙŠÙ„ 2 Ù…Ø·ÙˆØ±
2025-10-18 05:15:48,610 - bybit_trading_bot - INFO - âœ… Ø§Ù„Ù…Ø·ÙˆØ± Ø§Ù„Ø±Ø¦ÙŠØ³ÙŠ Ù…ÙˆØ¬ÙˆØ¯: 8169000394
